Using pre-set license
Built from '2021.1/staging' branch; Version is '2021.1.7f1 (d91830b65d9b) revision 14227504'; Using compiler version '192528614'; Build Type 'Release'
OS: 'Windows 10 Home Single Language; OS build 22000.493; Version 2009; 64bit' Language: 'tr' Physical Memory: 6020 MB
BatchMode: 1, IsHumanControllingUs: 0, StartBugReporterOnCrash: 0, Is64bit: 1, IsPro: 0

 COMMAND LINE ARGUMENTS:
C:\Program Files\Unity\Hub\Editor\2021.1.7f1\Editor\Unity.exe
-adb2
-batchMode
-noUpm
-name
AssetImportWorker0
-projectPath
C:/Users/User/OneDrive/Masaüstü/3. sınıf/3. sınıf 1. dönem/SENG383/Assignment5/c1928034
-logFile
Logs/AssetImportWorker0.log
-srvPort
59650
Successfully changed project path to: C:/Users/User/OneDrive/Masaüstü/3. sınıf/3. sınıf 1. dönem/SENG383/Assignment5/c1928034
C:/Users/User/OneDrive/Masaüstü/3. sınıf/3. sınıf 1. dönem/SENG383/Assignment5/c1928034
Using Asset Import Pipeline V2.
Refreshing native plugins compatible for Editor in 46.90 ms, found 0 plugins.
Preloading 0 native plugins for Editor in 0.00 ms.
Initialize engine version: 2021.1.7f1 (d91830b65d9b)
[Subsystems] Discovering subsystems at path C:/Program Files/Unity/Hub/Editor/2021.1.7f1/Editor/Data/Resources/UnitySubsystems
[Subsystems] Discovering subsystems at path C:/Users/User/OneDrive/Masaüstü/3. sınıf/3. sınıf 1. dönem/SENG383/Assignment5/c1928034/Assets
GfxDevice: creating device client; threaded=0; jobified=0
Direct3D:
    Version:  Direct3D 11.0 [level 11.1]
    Renderer: AMD Radeon(TM) RX Vega 10 Graphics (ID=0x15d8)
    Vendor:   ATI
    VRAM:     3010 MB
    Driver:   26.20.14046.3
Initialize mono
Mono path[0] = 'C:/Program Files/Unity/Hub/Editor/2021.1.7f1/Editor/Data/Managed'
Mono path[1] = 'C:/Program Files/Unity/Hub/Editor/2021.1.7f1/Editor/Data/MonoBleedingEdge/lib/mono/unityjit'
Mono config path = 'C:/Program Files/Unity/Hub/Editor/2021.1.7f1/Editor/Data/MonoBleedingEdge/etc'
Using monoOptions --debugger-agent=transport=dt_socket,embedding=1,server=y,suspend=n,address=127.0.0.1:56248
Begin MonoManager ReloadAssembly
Registering precompiled unity dll's ...
Register platform support module: C:/Program Files/Unity/Hub/Editor/2021.1.7f1/Editor/Data/PlaybackEngines/WindowsStandaloneSupport/UnityEditor.WindowsStandalone.Extensions.dll
Registered in 0.003928 seconds.
Native extension for WindowsStandalone target not found
Refreshing native plugins compatible for Editor in 36.47 ms, found 0 plugins.
Preloading 0 native plugins for Editor in 0.00 ms.
Mono: successfully reloaded assembly
- Completed reload, in  5.874 seconds
Platform modules already initialized, skipping
Registering precompiled user dll's ...
Registered in 0.002426 seconds.
Begin MonoManager ReloadAssembly
Native extension for WindowsStandalone target not found
Refreshing native plugins compatible for Editor in 0.27 ms, found 0 plugins.
Preloading 0 native plugins for Editor in 0.00 ms.
Mono: successfully reloaded assembly
- Completed reload, in  1.356 seconds
Platform modules already initialized, skipping
========================================================================
Worker process is ready to serve import requests
Launched and connected shader compiler UnityShaderCompiler.exe after 0.07 seconds
Refreshing native plugins compatible for Editor in 0.38 ms, found 0 plugins.
Preloading 0 native plugins for Editor in 0.00 ms.
Unloading 1145 Unused Serialized files (Serialized files now loaded: 0)
System memory in use before: 60.7 MB.
System memory in use after: 60.8 MB.

Unloading 10 unused Assets to reduce memory usage. Loaded Objects now: 1605.
Total: 2.946900 ms (FindLiveObjects: 0.162000 ms CreateObjectMapping: 0.038600 ms MarkObjects: 2.621500 ms  DeleteObjects: 0.121900 ms)

========================================================================
Received Import Request.
  path: Assets/Models/Player/Player Controller.controller
  artifactKey: Guid(afe8bf41c2235124a8206736157588f3) Importer(815301076,1909f56bfc062723c751e8b465ee728b)
Start importing Assets/Models/Player/Player Controller.controller using Guid(afe8bf41c2235124a8206736157588f3) Importer(815301076,1909f56bfc062723c751e8b465ee728b)  -> (artifact id: '1c466e095635d581e633f791e436626f') in 0.309159 seconds 
AssetImportWorkerClient::OnTransportError - code=2 error=End of file
